test_anagram (__main__.TestExercice) ... FAIL
test_doubles (__main__.TestExercice) ... ok
test_frequence (__main__.TestExercice) ... FAIL
test_grades (__main__.TestExercice) ... ok
test_order (__main__.TestExercice) ... FAIL

======================================================================
FAIL: test_anagram (__main__.TestExercice)
----------------------------------------------------------------------
Traceback (most recent call last):
  File "test_exercice.py", line 40, in test_anagram
    'Erreur dans la vérification de l\'anagramme'
AssertionError: Lists differ: [True, True] != [True, False]

First differing element 1:
True
False

- [True, True]
+ [True, False] : Erreur dans la vérification de l'anagramme

======================================================================
FAIL: test_frequence (__main__.TestExercice)
----------------------------------------------------------------------
Traceback (most recent call last):
  File "test_exercice.py", line 83, in test_frequence
    'Erreur dans les histogrammes'
AssertionError: Lists differ: [[('o', 4), ('n', 2), ('j', 2), ('u', 2), [247 chars] 1)]] != [{'B': 1, 'o': 4, 'n': 2, 'j': 2, 'u': 2, [189 chars]: 1}]

First differing element 0:
[('o', 4), ('n', 2), ('j', 2), ('u', 2), [44 chars], 1)]
{'B': 1, 'o': 4, 'n': 2, 'j': 2, 'u': 2, [26 chars]': 1}

Diff is 726 characters long. Set self.maxDiff to None to see it. : Erreur dans les histogrammes

======================================================================
FAIL: test_order (__main__.TestExercice)
----------------------------------------------------------------------
Traceback (most recent call last):
  File "test_exercice.py", line 25, in test_order
    'Mauvais ordre'
AssertionError: Lists differ: [[1, 9, -2, 6], ['a', '2', 'hello']] != [[-2, 1, 6, 9], ['2', 'a', 'hello']]

First differing element 0:
[1, 9, -2, 6]
[-2, 1, 6, 9]

- [[1, 9, -2, 6], ['a', '2', 'hello']]
+ [[-2, 1, 6, 9], ['2', 'a', 'hello']] : Mauvais ordre

----------------------------------------------------------------------
Ran 5 tests in 0.005s

FAILED (failures=3)
